     1                                  ; hello-os
     2                                  ; TAB=4
     3                                  
     4                                  ORG 0x7c00
     5 00000000 EB4E                    JMP entry
     6 00000002 90                      DB 0x90
     7 00000003 48454C4C4F49504C        DB "HELLOIPL"
     8 0000000B 0002                    DW 512
     9 0000000D 01                      DB 1
    10 0000000E 0100                    DW 1
    11 00000010 02                      DB 2
    12 00000011 E000                    DW 224
    13 00000013 400B                    DW 2880
    14 00000015 F0                      DB 0xf0
    15 00000016 0900                    DW 9
    16 00000018 1200                    DW 18
    17 0000001A 0200                    DW 2
    18 0000001C 00000000                DD 0
    19 00000020 400B0000                DD 2880
    20 00000024 000029                  DB 0,0,0x29
    21 00000027 FFFFFFFF                DD 0xffffffff
    22 0000002B 48454C4C4F2D4F5320-     DB "HELLO-OS   "
    23 00000034 2020               
    24 00000036 4641543132202020        DB "FAT12   "
    25 0000003E 00<rept>                TIMES 18 DB 0
    26                                  
    27                                  ; プログラム本体
    28                                  entry:
    29 00000050 B80000                  MOV AX,0
    30 00000053 8ED0                    MOV SS,AX
    31 00000055 BC007C                  MOV SP,0x7c00
    32 00000058 8ED8                    MOV DS,AX
    33 0000005A 8EC0                    MOV ES,AX
    34                                  
    35 0000005C BE[5000]                MOV SI,entry
    36                                  putloop:
    37 0000005F 8A04                    MOV AL,[SI]
    38 00000061 83C601                  ADD SI,1
    39 00000064 3C00                    CMP AL,0
    40 00000066 7409                    JE fin
    41 00000068 B40E                    MOV AH,0x0e
    42 0000006A BB0F00                  MOV BX,15
    43 0000006D CD10                    INT 0x10
    44 0000006F EBEE                    JMP putloop
    45                                  fin:
    46 00000071 F4                      HLT
    47 00000072 EBFD                    JMP fin
    48                                  
    49                                  msg:
    50 00000074 0A0A                    DB 0x0a, 0x0a
    51 00000076 68656C6C6F2C20776F-     DB "hello, world"
    52 0000007F 726C64             
    53 00000082 0A                      DB 0x0a
    54 00000083 00                      DB 0
    55                                  
    56 00000084 00<rept>                TIMES 0x7dfe-0x7c00-($-$$) DB 0
    57                                  
    58 000001FE 55AA                    DB 0x55, 0xaa
